{"level":"fatal","ts":1733725325.0063958,"caller":"handlers/jsonhandlers.go:127","msg":"Error unmarshalling response","error":"json: cannot unmarshal array into Go value of type models.SearchPersonsResponse","stacktrace":"WST_lab1_client/internal/handlers.SearchPersonsHandler\n\t/home/test/Documents/golang/GolandProjects/WST_labs/WST_lab4_client/internal/handlers/jsonhandlers.go:127\nmain.main\n\t/home/test/Documents/golang/GolandProjects/WST_labs/WST_lab4_client/cmd/main.go:61\nruntime.main\n\t/usr/local/go/src/runtime/proc.go:272"}
{"level":"fatal","ts":1733726443.5448496,"caller":"handlers/jsonhandlers.go:138","msg":"Error unmarshalling response","error":"json: cannot unmarshal array into Go value of type struct { Persons []models.Person \"json:\\\"persons\\\"\" }","stacktrace":"WST_lab1_client/internal/handlers.SearchPersonsHandler\n\t/home/test/Documents/golang/GolandProjects/WST_labs/WST_lab4_client/internal/handlers/jsonhandlers.go:138\nmain.main\n\t/home/test/Documents/golang/GolandProjects/WST_labs/WST_lab4_client/cmd/main.go:63\nruntime.main\n\t/usr/local/go/src/runtime/proc.go:272"}
{"level":"fatal","ts":1733726449.098094,"caller":"handlers/jsonhandlers.go:138","msg":"Error unmarshalling response","error":"json: cannot unmarshal array into Go value of type struct { Persons []models.Person \"json:\\\"persons\\\"\" }","stacktrace":"WST_lab1_client/internal/handlers.SearchPersonsHandler\n\t/home/test/Documents/golang/GolandProjects/WST_labs/WST_lab4_client/internal/handlers/jsonhandlers.go:138\nmain.main\n\t/home/test/Documents/golang/GolandProjects/WST_labs/WST_lab4_client/cmd/main.go:63\nruntime.main\n\t/usr/local/go/src/runtime/proc.go:272"}
{"level":"warn","ts":1733731012.1321406,"caller":"handlers/jsonhandlers.go:204","msg":"Server returned an error (409): Email already in use."}
{"level":"warn","ts":1733731022.4334369,"caller":"handlers/jsonhandlers.go:204","msg":"Server returned an error (409): Email already in use."}
{"level":"fatal","ts":1733731037.3369405,"caller":"handlers/jsonhandlers.go:148","msg":"Error unmarshalling response","error":"json: cannot unmarshal array into Go value of type struct { Persons []models.Person \"json:\\\"persons\\\"\" }","stacktrace":"WST_lab1_client/internal/handlers.SearchPersonsHandler\n\t/home/test/Documents/golang/GolandProjects/WST_labs/WST_lab4_client/internal/handlers/jsonhandlers.go:148\nmain.main\n\t/home/test/Documents/golang/GolandProjects/WST_labs/WST_lab4_client/cmd/main.go:63\nruntime.main\n\t/usr/local/go/src/runtime/proc.go:272"}
{"level":"fatal","ts":1733731058.515119,"caller":"handlers/jsonhandlers.go:148","msg":"Error unmarshalling response","error":"json: cannot unmarshal array into Go value of type struct { Persons []models.Person \"json:\\\"persons\\\"\" }","stacktrace":"WST_lab1_client/internal/handlers.SearchPersonsHandler\n\t/home/test/Documents/golang/GolandProjects/WST_labs/WST_lab4_client/internal/handlers/jsonhandlers.go:148\nmain.main\n\t/home/test/Documents/golang/GolandProjects/WST_labs/WST_lab4_client/cmd/main.go:63\nruntime.main\n\t/usr/local/go/src/runtime/proc.go:272"}
{"level":"fatal","ts":1733731063.4395127,"caller":"handlers/jsonhandlers.go:148","msg":"Error unmarshalling response","error":"json: cannot unmarshal array into Go value of type struct { Persons []models.Person \"json:\\\"persons\\\"\" }","stacktrace":"WST_lab1_client/internal/handlers.SearchPersonsHandler\n\t/home/test/Documents/golang/GolandProjects/WST_labs/WST_lab4_client/internal/handlers/jsonhandlers.go:148\nmain.main\n\t/home/test/Documents/golang/GolandProjects/WST_labs/WST_lab4_client/cmd/main.go:63\nruntime.main\n\t/usr/local/go/src/runtime/proc.go:272"}
{"level":"fatal","ts":1733731087.5476234,"caller":"handlers/jsonhandlers.go:148","msg":"Error unmarshalling response","error":"json: cannot unmarshal array into Go value of type struct { Persons []models.Person \"json:\\\"persons\\\"\" }","stacktrace":"WST_lab1_client/internal/handlers.SearchPersonsHandler\n\t/home/test/Documents/golang/GolandProjects/WST_labs/WST_lab4_client/internal/handlers/jsonhandlers.go:148\nmain.main\n\t/home/test/Documents/golang/GolandProjects/WST_labs/WST_lab4_client/cmd/main.go:63\nruntime.main\n\t/usr/local/go/src/runtime/proc.go:272"}
{"level":"fatal","ts":1733731178.9813704,"caller":"handlers/jsonhandlers.go:148","msg":"Error unmarshalling response","error":"json: cannot unmarshal array into Go value of type struct { Persons []models.Person \"json:\\\"persons\\\"\" }","stacktrace":"WST_lab1_client/internal/handlers.SearchPersonsHandler\n\t/home/test/Documents/golang/GolandProjects/WST_labs/WST_lab4_client/internal/handlers/jsonhandlers.go:148\nmain.main\n\t/home/test/Documents/golang/GolandProjects/WST_labs/WST_lab4_client/cmd/main.go:63\nruntime.main\n\t/usr/local/go/src/runtime/proc.go:272"}
{"level":"fatal","ts":1733731184.5585692,"caller":"handlers/jsonhandlers.go:148","msg":"Error unmarshalling response","error":"json: cannot unmarshal array into Go value of type struct { Persons []models.Person \"json:\\\"persons\\\"\" }","stacktrace":"WST_lab1_client/internal/handlers.SearchPersonsHandler\n\t/home/test/Documents/golang/GolandProjects/WST_labs/WST_lab4_client/internal/handlers/jsonhandlers.go:148\nmain.main\n\t/home/test/Documents/golang/GolandProjects/WST_labs/WST_lab4_client/cmd/main.go:63\nruntime.main\n\t/usr/local/go/src/runtime/proc.go:272"}
{"level":"warn","ts":1733738122.9916024,"caller":"handlers/jsonhandlers.go:204","msg":"Server returned an error (409): Email already in use."}
{"level":"warn","ts":1733738227.5425851,"caller":"handlers/jsonhandlers.go:204","msg":"Server returned an error (409): Email already in use."}
{"level":"warn","ts":1733738227.542684,"caller":"handlers/jsonhandlers.go:99","msg":"Failed to update person"}
{"level":"warn","ts":1733738235.3104115,"caller":"handlers/jsonhandlers.go:99","msg":"Failed to update person"}
{"level":"warn","ts":1733738246.0811715,"caller":"handlers/jsonhandlers.go:99","msg":"Failed to update person"}
{"level":"warn","ts":1733738256.8418913,"caller":"handlers/jsonhandlers.go:99","msg":"Failed to update person"}
{"level":"warn","ts":1733738322.2820926,"caller":"handlers/jsonhandlers.go:99","msg":"Failed to update person"}
{"level":"fatal","ts":1733738365.0144,"caller":"handlers/jsonhandlers.go:148","msg":"Error unmarshalling response","error":"json: cannot unmarshal array into Go value of type struct { Persons []models.Person \"json:\\\"persons\\\"\" }","stacktrace":"WST_lab1_client/internal/handlers.SearchPersonsHandler\n\t/home/test/Documents/golang/GolandProjects/WST_labs/WST_lab4_client/internal/handlers/jsonhandlers.go:148\nmain.main\n\t/home/test/Documents/golang/GolandProjects/WST_labs/WST_lab4_client/cmd/main.go:63\nruntime.main\n\t/usr/local/go/src/runtime/proc.go:272"}
{"level":"warn","ts":1733738723.0725567,"caller":"handlers/jsonhandlers.go:129","msg":"Failed to update person"}
{"level":"warn","ts":1733738769.593278,"caller":"handlers/jsonhandlers.go:100","msg":"Failed to update person"}
{"level":"warn","ts":1733738772.4544299,"caller":"handlers/jsonhandlers.go:100","msg":"Failed to update person"}
{"level":"warn","ts":1733738856.140426,"caller":"handlers/jsonhandlers.go:100","msg":"Failed to update person"}
{"level":"warn","ts":1733738863.0287247,"caller":"handlers/jsonhandlers.go:100","msg":"Failed to update person"}
{"level":"warn","ts":1733738899.2666395,"caller":"handlers/jsonhandlers.go:100","msg":"Failed to update person"}
{"level":"warn","ts":1733738910.5358603,"caller":"handlers/jsonhandlers.go:100","msg":"Failed to update person"}
{"level":"warn","ts":1733745257.6149206,"caller":"handlers/jsonhandlers.go:100","msg":"Failed to update person"}
{"level":"warn","ts":1733745268.1212246,"caller":"handlers/jsonhandlers.go:100","msg":"Failed to update person"}
{"level":"warn","ts":1733745274.6468945,"caller":"handlers/jsonhandlers.go:100","msg":"Failed to update person"}
{"level":"warn","ts":1733745311.5250347,"caller":"handlers/jsonhandlers.go:126","msg":"Failed to delete person"}
{"level":"warn","ts":1733745315.0580914,"caller":"handlers/jsonhandlers.go:126","msg":"Failed to delete person"}
{"level":"warn","ts":1733745325.5849495,"caller":"handlers/jsonhandlers.go:126","msg":"Failed to delete person"}
{"level":"warn","ts":1733745331.2245748,"caller":"handlers/jsonhandlers.go:126","msg":"Failed to delete person"}
{"level":"fatal","ts":1733760597.8393037,"caller":"cmd/main.go:65","msg":"Unknown method. Use one of addperson|getperson|getallpersons|updateperson|deleteperson|searchperson.","stacktrace":"main.main\n\tC:/itmo/WST_labs/WST_labs/WST_lab4_client/cmd/main.go:65\nruntime.main\n\tC:/Program Files/Go/src/runtime/proc.go:272"}
{"level":"fatal","ts":1733760603.9541862,"caller":"cmd/main.go:65","msg":"Unknown method. Use one of addperson|getperson|getallpersons|updateperson|deleteperson|searchperson.","stacktrace":"main.main\n\tC:/itmo/WST_labs/WST_labs/WST_lab4_client/cmd/main.go:65\nruntime.main\n\tC:/Program Files/Go/src/runtime/proc.go:272"}
{"level":"fatal","ts":1733769488.1965735,"caller":"cmd/main.go:65","msg":"Unknown method. Use one of addperson|getperson|getallpersons|updateperson|deleteperson|searchperson.","stacktrace":"main.main\n\tC:/itmo/WST_labs/WST_labs/WST_lab4_client/cmd/main.go:65\nruntime.main\n\tC:/Program Files/Go/src/runtime/proc.go:272"}
{"level":"error","ts":1733770671.6405766,"caller":"handlers/jsonhandlers.go:182","msg":"Failed to unmarshal response body","error":"unexpected end of JSON input","stacktrace":"WST_lab1_client/internal/handlers.SearchPersonsHandler\n\tC:/itmo/WST_labs/WST_labs/WST_lab4_client/internal/handlers/jsonhandlers.go:182\nmain.main\n\tC:/itmo/WST_labs/WST_labs/WST_lab4_client/cmd/main.go:63\nruntime.main\n\tC:/Program Files/Go/src/runtime/proc.go:272"}
{"level":"error","ts":1733770810.3439915,"caller":"handlers/jsonhandlers.go:183","msg":"Failed to unmarshal response body","error":"unexpected end of JSON input","stacktrace":"WST_lab1_client/internal/handlers.SearchPersonsHandler\n\tC:/itmo/WST_labs/WST_labs/WST_lab4_client/internal/handlers/jsonhandlers.go:183\nmain.main\n\tC:/itmo/WST_labs/WST_labs/WST_lab4_client/cmd/main.go:63\nruntime.main\n\tC:/Program Files/Go/src/runtime/proc.go:272"}
{"level":"error","ts":1733770989.7489378,"caller":"handlers/jsonhandlers.go:183","msg":"Failed to unmarshal response body","error":"unexpected end of JSON input","stacktrace":"WST_lab1_client/internal/handlers.SearchPersonsHandler\n\tC:/itmo/WST_labs/WST_labs/WST_lab4_client/internal/handlers/jsonhandlers.go:183\nmain.main\n\tC:/itmo/WST_labs/WST_labs/WST_lab4_client/cmd/main.go:63\nruntime.main\n\tC:/Program Files/Go/src/runtime/proc.go:272"}
{"level":"error","ts":1733771086.578029,"caller":"handlers/jsonhandlers.go:183","msg":"Failed to unmarshal response body","error":"unexpected end of JSON input","stacktrace":"WST_lab1_client/internal/handlers.SearchPersonsHandler\n\tC:/itmo/WST_labs/WST_labs/WST_lab4_client/internal/handlers/jsonhandlers.go:183\nmain.main\n\tC:/itmo/WST_labs/WST_labs/WST_lab4_client/cmd/main.go:63\nruntime.main\n\tC:/Program Files/Go/src/runtime/proc.go:272"}
{"level":"error","ts":1733771694.86629,"caller":"handlers/jsonhandlers.go:183","msg":"Failed to unmarshal response body","error":"unexpected end of JSON input","stacktrace":"WST_lab1_client/internal/handlers.SearchPersonsHandler\n\tC:/itmo/WST_labs/WST_labs/WST_lab4_client/internal/handlers/jsonhandlers.go:183\nmain.main\n\tC:/itmo/WST_labs/WST_labs/WST_lab4_client/cmd/main.go:63\nruntime.main\n\tC:/Program Files/Go/src/runtime/proc.go:272"}
{"level":"warn","ts":1733771843.05565,"caller":"handlers/jsonhandlers.go:155","msg":"Error calling SearchPersons","error":"HTTP error: 404"}
{"level":"warn","ts":1733771894.9079304,"caller":"handlers/jsonhandlers.go:155","msg":"Error calling SearchPersons","error":"HTTP error: 404"}
{"level":"warn","ts":1733771907.5729969,"caller":"handlers/jsonhandlers.go:155","msg":"Error calling SearchPersons","error":"HTTP error: 404"}
{"level":"warn","ts":1733771945.1140893,"caller":"handlers/jsonhandlers.go:143","msg":"Failed to delete person"}
{"level":"warn","ts":1733771954.1822248,"caller":"handlers/jsonhandlers.go:129","msg":"Error calling DeletePerson","error":"HTTP error: 500"}
{"level":"warn","ts":1733771957.8492386,"caller":"handlers/jsonhandlers.go:129","msg":"Error calling DeletePerson","error":"HTTP error: 500"}
{"level":"warn","ts":1733772305.0814898,"caller":"handlers/jsonhandlers.go:128","msg":"Error calling DeletePerson","error":"HTTP error: 500"}
{"level":"warn","ts":1733772311.5683787,"caller":"handlers/jsonhandlers.go:128","msg":"Error calling DeletePerson","error":"HTTP error: 500"}
{"level":"warn","ts":1733772419.0291946,"caller":"handlers/jsonhandlers.go:128","msg":"Error calling DeletePerson","error":"HTTP error: 500"}
{"level":"warn","ts":1733772549.7007625,"caller":"handlers/jsonhandlers.go:128","msg":"Error calling DeletePerson","error":"HTTP error: 500"}
{"level":"warn","ts":1733772556.438159,"caller":"handlers/jsonhandlers.go:128","msg":"Error calling DeletePerson","error":"HTTP error: 500"}
{"level":"warn","ts":1733772848.1795125,"caller":"handlers/jsonhandlers.go:128","msg":"Error calling DeletePerson","error":"HTTP error: 404"}
{"level":"warn","ts":1733772926.7172046,"caller":"handlers/jsonhandlers.go:128","msg":"Error calling DeletePerson","error":"HTTP error: 404"}
{"level":"warn","ts":1733772946.4158714,"caller":"handlers/jsonhandlers.go:155","msg":"Error calling SearchPersons","error":"HTTP error: 404"}
{"level":"warn","ts":1733772951.7302666,"caller":"handlers/jsonhandlers.go:155","msg":"Error calling SearchPersons","error":"HTTP error: 404"}
{"level":"warn","ts":1733772957.946812,"caller":"handlers/jsonhandlers.go:155","msg":"Error calling SearchPersons","error":"HTTP error: 404"}
{"level":"fatal","ts":1733772972.6191168,"caller":"cmd/main.go:65","msg":"Unknown method. Use one of addperson|getperson|getallpersons|updateperson|deleteperson|searchperson.","stacktrace":"main.main\n\tC:/itmo/WST_labs/WST_labs/WST_lab4_client/cmd/main.go:65\nruntime.main\n\tC:/Program Files/Go/src/runtime/proc.go:272"}
{"level":"fatal","ts":1733772978.0579743,"caller":"cmd/main.go:65","msg":"Unknown method. Use one of addperson|getperson|getallpersons|updateperson|deleteperson|searchperson.","stacktrace":"main.main\n\tC:/itmo/WST_labs/WST_labs/WST_lab4_client/cmd/main.go:65\nruntime.main\n\tC:/Program Files/Go/src/runtime/proc.go:272"}
{"level":"warn","ts":1733773126.4641378,"caller":"handlers/jsonhandlers.go:24","msg":"Error calling AddPerson","error":"HTTP error: 500"}
{"level":"warn","ts":1733773167.4313917,"caller":"handlers/jsonhandlers.go:24","msg":"Error calling AddPerson","error":"HTTP error: 500"}
{"level":"warn","ts":1733773181.4205043,"caller":"handlers/jsonhandlers.go:24","msg":"Error calling AddPerson","error":"HTTP error: 500"}
{"level":"warn","ts":1733773186.8127964,"caller":"handlers/jsonhandlers.go:24","msg":"Error calling AddPerson","error":"HTTP error: 500"}
{"level":"warn","ts":1733773190.311938,"caller":"handlers/jsonhandlers.go:24","msg":"Error calling AddPerson","error":"HTTP error: 500"}
{"level":"warn","ts":1733773198.225055,"caller":"handlers/jsonhandlers.go:24","msg":"Error calling AddPerson","error":"HTTP error: 500"}
{"level":"warn","ts":1733773281.5281408,"caller":"handlers/jsonhandlers.go:24","msg":"Error calling AddPerson","error":"HTTP error: 500"}
{"level":"warn","ts":1733773300.5081272,"caller":"handlers/jsonhandlers.go:24","msg":"Error calling AddPerson","error":"HTTP error: 500"}
{"level":"warn","ts":1733773318.5918307,"caller":"handlers/jsonhandlers.go:24","msg":"Error calling AddPerson","error":"HTTP error: 500"}
{"level":"warn","ts":1733773327.0687125,"caller":"handlers/jsonhandlers.go:24","msg":"Error calling AddPerson","error":"HTTP error: 500"}
{"level":"warn","ts":1733773387.8654337,"caller":"handlers/jsonhandlers.go:24","msg":"Error calling AddPerson","error":"HTTP error: 500"}
{"level":"warn","ts":1733773405.4137843,"caller":"handlers/jsonhandlers.go:24","msg":"Error calling AddPerson","error":"HTTP error: 409"}
{"level":"warn","ts":1733774365.213308,"caller":"handlers/jsonhandlers.go:24","msg":"Error calling AddPerson","error":"HTTP error: 409"}
{"level":"warn","ts":1733774377.2232714,"caller":"handlers/jsonhandlers.go:24","msg":"Error calling AddPerson","error":"HTTP error: 409"}
{"level":"warn","ts":1733774442.4086857,"caller":"handlers/jsonhandlers.go:24","msg":"Error calling AddPerson","error":"HTTP error: 409"}
{"level":"warn","ts":1733774469.9846258,"caller":"handlers/jsonhandlers.go:24","msg":"Error calling AddPerson","error":"HTTP error: 409"}
{"level":"fatal","ts":1733774503.9860985,"caller":"cmd/main.go:65","msg":"Unknown method. Use one of addperson|getperson|getallpersons|updateperson|deleteperson|searchperson.","stacktrace":"main.main\n\tC:/itmo/WST_labs/WST_labs/WST_lab4_client/cmd/main.go:65\nruntime.main\n\tC:/Program Files/Go/src/runtime/proc.go:272"}
{"level":"fatal","ts":1733774535.907293,"caller":"cmd/main.go:65","msg":"Unknown method. Use one of addperson|getperson|getallpersons|updateperson|deleteperson|searchperson.","stacktrace":"main.main\n\tC:/itmo/WST_labs/WST_labs/WST_lab4_client/cmd/main.go:65\nruntime.main\n\tC:/Program Files/Go/src/runtime/proc.go:272"}
{"level":"warn","ts":1733774873.02877,"caller":"handlers/jsonhandlers.go:24","msg":"Error calling AddPerson","error":"HTTP error: 409"}
{"level":"fatal","ts":1733774880.6555643,"caller":"cmd/main.go:65","msg":"Unknown method. Use one of addperson|getperson|getallpersons|updateperson|deleteperson|searchperson.","stacktrace":"main.main\n\tC:/itmo/WST_labs/WST_labs/WST_lab4_client/cmd/main.go:65\nruntime.main\n\tC:/Program Files/Go/src/runtime/proc.go:272"}
{"level":"fatal","ts":1733774995.821897,"caller":"cmd/main.go:65","msg":"Unknown method. Use one of addperson|getperson|getallpersons|updateperson|deleteperson|searchperson.","stacktrace":"main.main\n\tC:/itmo/WST_labs/WST_labs/WST_lab4_client/cmd/main.go:65\nruntime.main\n\tC:/Program Files/Go/src/runtime/proc.go:272"}
{"level":"fatal","ts":1733774997.985017,"caller":"cmd/main.go:65","msg":"Unknown method. Use one of addperson|getperson|getallpersons|updateperson|deleteperson|searchperson.","stacktrace":"main.main\n\tC:/itmo/WST_labs/WST_labs/WST_lab4_client/cmd/main.go:65\nruntime.main\n\tC:/Program Files/Go/src/runtime/proc.go:272"}
{"level":"fatal","ts":1733775064.8089604,"caller":"cmd/main.go:65","msg":"Unknown method. Use one of addperson|getperson|getallpersons|updateperson|deleteperson|searchperson.","stacktrace":"main.main\n\tC:/itmo/WST_labs/WST_labs/WST_lab4_client/cmd/main.go:65\nruntime.main\n\tC:/Program Files/Go/src/runtime/proc.go:272"}
{"level":"fatal","ts":1733775097.6125116,"caller":"cmd/main.go:51","msg":"ID must be greater than 0 and both name and surname are required for updateperson. Age must be greater than 0.","stacktrace":"main.main\n\tC:/itmo/WST_labs/WST_labs/WST_lab4_client/cmd/main.go:51\nruntime.main\n\tC:/Program Files/Go/src/runtime/proc.go:272"}
{"level":"warn","ts":1733775150.4207554,"caller":"handlers/jsonhandlers.go:100","msg":"Error calling UpdatePerson","error":"HTTP error: 409"}
{"level":"warn","ts":1733775158.7805734,"caller":"handlers/jsonhandlers.go:100","msg":"Error calling UpdatePerson","error":"HTTP error: 409"}
{"level":"warn","ts":1733775164.9432168,"caller":"handlers/jsonhandlers.go:100","msg":"Error calling UpdatePerson","error":"HTTP error: 404"}
{"level":"fatal","ts":1733775357.3710566,"caller":"cmd/main.go:55","msg":"ID must be greater than 0 and both name and surname are required for updateperson. Age must be greater than 0.","stacktrace":"main.main\n\tC:/itmo/WST_labs/WST_labs/WST_lab4_client/cmd/main.go:55\nruntime.main\n\tC:/Program Files/Go/src/runtime/proc.go:272"}
{"level":"fatal","ts":1733775753.4329839,"caller":"cmd/main.go:56","msg":"ID must be greater than 0 and both name and surname are required for updateperson. Age must be greater than 0.","stacktrace":"main.main\n\tC:/itmo/WST_labs/WST_labs/WST_lab4_client/cmd/main.go:56\nruntime.main\n\tC:/Program Files/Go/src/runtime/proc.go:272"}
{"level":"warn","ts":1733805360.5727458,"caller":"handlers/jsonhandlers.go:113","msg":"Error calling DeletePerson","error":"HTTP error: 404"}
{"level":"warn","ts":1733805443.0765982,"caller":"handlers/jsonhandlers.go:90","msg":"Error calling UpdatePerson","error":"HTTP error: 409"}
{"level":"warn","ts":1733805479.049701,"caller":"handlers/jsonhandlers.go:23","msg":"Error calling AddPerson","error":"HTTP error: 409"}
{"level":"warn","ts":1733805533.1681416,"caller":"handlers/jsonhandlers.go:37","msg":"Error calling GetPerson","error":"HTTP error: 404"}
{"level":"fatal","ts":1735033556.56859,"caller":"cmd/main.go:73","msg":"Unknown method. Use one of addperson|getperson|getallpersons|updateperson|deleteperson|searchperson.","stacktrace":"main.main\n\t/home/test/Documents/golang/GolandProjects/WST_labs/WST_lab4_client/cmd/main.go:73\nruntime.main\n\t/usr/local/go/src/runtime/proc.go:272"}
{"level":"warn","ts":1735033573.597878,"caller":"handlers/jsonhandlers.go:23","msg":"Error calling AddPerson","error":"HTTP error: 401"}
{"level":"error","ts":1735035255.8710976,"caller":"handlers/jsonhandlers.go:198","msg":"Error sending request","error":"Post \"http://localhost:8095/api/v1/persons\": dial tcp 127.0.0.1:8095: connect: connection refused","stacktrace":"WST_lab1_client/internal/handlers.sendRESTRequest\n\t/home/test/Documents/golang/GolandProjects/WST_labs/WST_lab4_client/internal/handlers/jsonhandlers.go:198\nWST_lab1_client/internal/handlers.AddPersonHandler\n\t/home/test/Documents/golang/GolandProjects/WST_labs/WST_lab4_client/internal/handlers/jsonhandlers.go:28\nmain.main\n\t/home/test/Documents/golang/GolandProjects/WST_labs/WST_lab4_client/cmd/main.go:44\nruntime.main\n\t/usr/local/go/src/runtime/proc.go:272"}
{"level":"warn","ts":1735035255.8711662,"caller":"handlers/jsonhandlers.go:30","msg":"Error calling AddPerson","error":"Post \"http://localhost:8095/api/v1/persons\": dial tcp 127.0.0.1:8095: connect: connection refused"}
{"level":"error","ts":1735035259.1839612,"caller":"handlers/jsonhandlers.go:198","msg":"Error sending request","error":"Post \"http://localhost:8095/api/v1/persons\": dial tcp 127.0.0.1:8095: connect: connection refused","stacktrace":"WST_lab1_client/internal/handlers.sendRESTRequest\n\t/home/test/Documents/golang/GolandProjects/WST_labs/WST_lab4_client/internal/handlers/jsonhandlers.go:198\nWST_lab1_client/internal/handlers.AddPersonHandler\n\t/home/test/Documents/golang/GolandProjects/WST_labs/WST_lab4_client/internal/handlers/jsonhandlers.go:28\nmain.main\n\t/home/test/Documents/golang/GolandProjects/WST_labs/WST_lab4_client/cmd/main.go:44\nruntime.main\n\t/usr/local/go/src/runtime/proc.go:272"}
{"level":"warn","ts":1735035259.184021,"caller":"handlers/jsonhandlers.go:30","msg":"Error calling AddPerson","error":"Post \"http://localhost:8095/api/v1/persons\": dial tcp 127.0.0.1:8095: connect: connection refused"}
{"level":"error","ts":1735035264.1265373,"caller":"handlers/jsonhandlers.go:198","msg":"Error sending request","error":"Post \"http://localhost:8095/api/v1/persons\": dial tcp 127.0.0.1:8095: connect: connection refused","stacktrace":"WST_lab1_client/internal/handlers.sendRESTRequest\n\t/home/test/Documents/golang/GolandProjects/WST_labs/WST_lab4_client/internal/handlers/jsonhandlers.go:198\nWST_lab1_client/internal/handlers.AddPersonHandler\n\t/home/test/Documents/golang/GolandProjects/WST_labs/WST_lab4_client/internal/handlers/jsonhandlers.go:28\nmain.main\n\t/home/test/Documents/golang/GolandProjects/WST_labs/WST_lab4_client/cmd/main.go:44\nruntime.main\n\t/usr/local/go/src/runtime/proc.go:272"}
{"level":"warn","ts":1735035264.126601,"caller":"handlers/jsonhandlers.go:30","msg":"Error calling AddPerson","error":"Post \"http://localhost:8095/api/v1/persons\": dial tcp 127.0.0.1:8095: connect: connection refused"}
{"level":"error","ts":1735035265.622544,"caller":"handlers/jsonhandlers.go:198","msg":"Error sending request","error":"Post \"http://localhost:8095/api/v1/persons\": dial tcp 127.0.0.1:8095: connect: connection refused","stacktrace":"WST_lab1_client/internal/handlers.sendRESTRequest\n\t/home/test/Documents/golang/GolandProjects/WST_labs/WST_lab4_client/internal/handlers/jsonhandlers.go:198\nWST_lab1_client/internal/handlers.AddPersonHandler\n\t/home/test/Documents/golang/GolandProjects/WST_labs/WST_lab4_client/internal/handlers/jsonhandlers.go:28\nmain.main\n\t/home/test/Documents/golang/GolandProjects/WST_labs/WST_lab4_client/cmd/main.go:44\nruntime.main\n\t/usr/local/go/src/runtime/proc.go:272"}
{"level":"warn","ts":1735035265.6226516,"caller":"handlers/jsonhandlers.go:30","msg":"Error calling AddPerson","error":"Post \"http://localhost:8095/api/v1/persons\": dial tcp 127.0.0.1:8095: connect: connection refused"}
{"level":"error","ts":1735035267.3646502,"caller":"handlers/jsonhandlers.go:198","msg":"Error sending request","error":"Post \"http://localhost:8095/api/v1/persons\": dial tcp 127.0.0.1:8095: connect: connection refused","stacktrace":"WST_lab1_client/internal/handlers.sendRESTRequest\n\t/home/test/Documents/golang/GolandProjects/WST_labs/WST_lab4_client/internal/handlers/jsonhandlers.go:198\nWST_lab1_client/internal/handlers.AddPersonHandler\n\t/home/test/Documents/golang/GolandProjects/WST_labs/WST_lab4_client/internal/handlers/jsonhandlers.go:28\nmain.main\n\t/home/test/Documents/golang/GolandProjects/WST_labs/WST_lab4_client/cmd/main.go:44\nruntime.main\n\t/usr/local/go/src/runtime/proc.go:272"}
{"level":"warn","ts":1735035267.3647795,"caller":"handlers/jsonhandlers.go:30","msg":"Error calling AddPerson","error":"Post \"http://localhost:8095/api/v1/persons\": dial tcp 127.0.0.1:8095: connect: connection refused"}
{"level":"warn","ts":1735035378.4634378,"caller":"handlers/jsonhandlers.go:30","msg":"Error calling AddPerson","error":"HTTP error: 401"}
{"level":"warn","ts":1735035442.5229516,"caller":"handlers/jsonhandlers.go:30","msg":"Error calling AddPerson","error":"HTTP error: 401"}
{"level":"warn","ts":1735035460.6961172,"caller":"handlers/jsonhandlers.go:30","msg":"Error calling AddPerson","error":"HTTP error: 401"}
{"level":"warn","ts":1735035462.081557,"caller":"handlers/jsonhandlers.go:30","msg":"Error calling AddPerson","error":"HTTP error: 401"}
{"level":"warn","ts":1735035463.5252285,"caller":"handlers/jsonhandlers.go:30","msg":"Error calling AddPerson","error":"HTTP error: 401"}
{"level":"warn","ts":1735035562.5490043,"caller":"handlers/jsonhandlers.go:30","msg":"Error calling AddPerson","error":"HTTP error: 401"}
{"level":"warn","ts":1735035701.118992,"caller":"handlers/jsonhandlers.go:30","msg":"Error calling AddPerson","error":"HTTP error: 401"}
{"level":"warn","ts":1735035703.4921255,"caller":"handlers/jsonhandlers.go:30","msg":"Error calling AddPerson","error":"HTTP error: 401"}
{"level":"warn","ts":1735035851.011154,"caller":"handlers/jsonhandlers.go:30","msg":"Error calling AddPerson","error":"HTTP error: 401"}
{"level":"warn","ts":1735035972.3204458,"caller":"handlers/jsonhandlers.go:30","msg":"Error calling AddPerson","error":"HTTP error: 401"}
{"level":"warn","ts":1735036056.1035235,"caller":"handlers/jsonhandlers.go:30","msg":"Error calling AddPerson","error":"HTTP error: 401"}
{"level":"warn","ts":1735036058.6615841,"caller":"handlers/jsonhandlers.go:30","msg":"Error calling AddPerson","error":"HTTP error: 401"}
{"level":"warn","ts":1735036225.0104103,"caller":"handlers/jsonhandlers.go:30","msg":"Error calling AddPerson","error":"HTTP error: 401"}
{"level":"warn","ts":1735036252.6319456,"caller":"handlers/jsonhandlers.go:30","msg":"Error calling AddPerson","error":"HTTP error: 401"}
{"level":"warn","ts":1735036411.9138112,"caller":"handlers/jsonhandlers.go:30","msg":"Error calling AddPerson","error":"HTTP error: 401"}
{"level":"warn","ts":1735036491.551627,"caller":"handlers/jsonhandlers.go:30","msg":"Error calling AddPerson","error":"HTTP error: 401"}
{"level":"warn","ts":1735036626.3224912,"caller":"handlers/jsonhandlers.go:30","msg":"Error calling AddPerson","error":"HTTP error: 401"}
{"level":"warn","ts":1735036790.5547473,"caller":"handlers/jsonhandlers.go:30","msg":"Error calling AddPerson","error":"HTTP error: 401"}
{"level":"warn","ts":1735036903.694268,"caller":"handlers/jsonhandlers.go:30","msg":"Error calling AddPerson","error":"HTTP error: 401"}
{"level":"warn","ts":1735036985.8188949,"caller":"handlers/jsonhandlers.go:30","msg":"Error calling AddPerson","error":"HTTP error: 401"}
{"level":"warn","ts":1735036987.243211,"caller":"handlers/jsonhandlers.go:30","msg":"Error calling AddPerson","error":"HTTP error: 401"}
{"level":"warn","ts":1735036988.548098,"caller":"handlers/jsonhandlers.go:30","msg":"Error calling AddPerson","error":"HTTP error: 401"}
{"level":"warn","ts":1735037136.2453043,"caller":"handlers/jsonhandlers.go:30","msg":"Error calling AddPerson","error":"HTTP error: 401"}
{"level":"warn","ts":1735037278.1568804,"caller":"handlers/jsonhandlers.go:30","msg":"Error calling AddPerson","error":"HTTP error: 401"}
{"level":"warn","ts":1735037432.2371075,"caller":"handlers/jsonhandlers.go:30","msg":"Error calling AddPerson","error":"HTTP error: 401"}
{"level":"warn","ts":1735037586.700526,"caller":"handlers/jsonhandlers.go:30","msg":"Error calling AddPerson","error":"HTTP error: 401"}
{"level":"warn","ts":1735037623.870592,"caller":"handlers/jsonhandlers.go:30","msg":"Error calling AddPerson","error":"HTTP error: 401"}
{"level":"warn","ts":1735037697.4243796,"caller":"handlers/jsonhandlers.go:30","msg":"Error calling AddPerson","error":"HTTP error: 409"}
{"level":"warn","ts":1735037704.1732683,"caller":"handlers/jsonhandlers.go:30","msg":"Error calling AddPerson","error":"HTTP error: 409"}
{"level":"warn","ts":1735038504.911149,"caller":"handlers/jsonhandlers.go:30","msg":"Error calling AddPerson","error":"HTTP error: 409"}
{"level":"warn","ts":1735038560.9320188,"caller":"handlers/jsonhandlers.go:97","msg":"Error calling UpdatePerson","error":"HTTP error: 409"}
{"level":"warn","ts":1735038621.0677326,"caller":"handlers/jsonhandlers.go:97","msg":"Error calling UpdatePerson","error":"HTTP error: 409"}
